<?xml version="1.0" encoding="UTF-8"?>
<!-- Generated by org.testng.reporters.JUnitReportReporter -->
<testsuite name="com.ecs.techtest.testpages.ArrayChallengeTest" tests="1" time="5.837" ignored="0" failures="0" timestamp="10 Nov 2021 11:01:07 GMT" skipped="0" hostname="G02UKXN09513" errors="0">
  <testcase name="verifyArrayChallenge" time="5.837" classname="com.ecs.techtest.testpages.ArrayChallengeTest"/>
</testsuite> <!-- com.ecs.techtest.testpages.ArrayChallengeTest -->
