<?xml version="1.0" encoding="UTF-8"?>
<!-- Generated by org.testng.reporters.JUnitReportReporter -->
<testsuite name="com.ecs.techtest.testpages.ArrayChallengeTest" tests="1" time="4.269" ignored="0" failures="0" timestamp="07 Nov 2021 23:05:11 GMT" skipped="0" hostname="G02UKXN09513" errors="0">
  <testcase name="verifyArrayChallenge" time="4.269" classname="com.ecs.techtest.testpages.ArrayChallengeTest"/>
</testsuite> <!-- com.ecs.techtest.testpages.ArrayChallengeTest -->
